{"/home/traning/Desktop/NewsWebProj/test/get.test.js":{"path":"/home/traning/Desktop/NewsWebProj/test/get.test.js","s":{"1":1,"2":1,"3":1,"4":1,"5":1,"6":1,"7":1,"8":1,"9":1,"10":1,"11":1,"12":1,"13":1,"14":1,"15":1,"16":1,"17":1,"18":0,"19":0,"20":0,"21":0,"22":0,"23":0,"24":0,"25":0,"26":0,"27":0,"28":0,"29":0,"30":0,"31":0,"32":0,"33":0,"34":0,"35":0,"36":0,"37":0,"38":0,"39":0,"40":0,"41":0,"42":0,"43":0,"44":0,"45":0,"46":0,"47":0,"48":0,"49":0,"50":0,"51":0},"b":{},"f":{"1":0,"2":0},"fnMap":{"1":{"name":"(anonymous_1)","line":59,"loc":{"start":{"line":59,"column":9},"end":{"line":59,"column":28}}},"2":{"name":"(anonymous_2)","line":71,"loc":{"start":{"line":71,"column":9},"end":{"line":71,"column":28}}}},"statementMap":{"1":{"start":{"line":1,"column":0},"end":{"line":1,"column":27}},"2":{"start":{"line":2,"column":0},"end":{"line":2,"column":35}},"3":{"start":{"line":3,"column":0},"end":{"line":3,"column":35}},"4":{"start":{"line":4,"column":0},"end":{"line":4,"column":29}},"5":{"start":{"line":5,"column":0},"end":{"line":5,"column":37}},"6":{"start":{"line":6,"column":0},"end":{"line":6,"column":25}},"7":{"start":{"line":7,"column":0},"end":{"line":7,"column":24}},"8":{"start":{"line":8,"column":0},"end":{"line":8,"column":25}},"9":{"start":{"line":9,"column":0},"end":{"line":9,"column":25}},"10":{"start":{"line":10,"column":0},"end":{"line":10,"column":42}},"11":{"start":{"line":12,"column":0},"end":{"line":12,"column":42}},"12":{"start":{"line":13,"column":0},"end":{"line":13,"column":41}},"13":{"start":{"line":14,"column":0},"end":{"line":14,"column":43}},"14":{"start":{"line":15,"column":0},"end":{"line":15,"column":46}},"15":{"start":{"line":16,"column":0},"end":{"line":16,"column":19}},"16":{"start":{"line":17,"column":0},"end":{"line":17,"column":45}},"17":{"start":{"line":18,"column":0},"end":{"line":79,"column":3}},"18":{"start":{"line":19,"column":2},"end":{"line":25,"column":7}},"19":{"start":{"line":20,"column":6},"end":{"line":20,"column":96}},"20":{"start":{"line":21,"column":6},"end":{"line":21,"column":91}},"21":{"start":{"line":22,"column":6},"end":{"line":22,"column":121}},"22":{"start":{"line":23,"column":6},"end":{"line":23,"column":50}},"23":{"start":{"line":24,"column":6},"end":{"line":24,"column":13}},"24":{"start":{"line":27,"column":2},"end":{"line":42,"column":4}},"25":{"start":{"line":30,"column":2},"end":{"line":41,"column":5}},"26":{"start":{"line":34,"column":4},"end":{"line":34,"column":27}},"27":{"start":{"line":35,"column":4},"end":{"line":35,"column":27}},"28":{"start":{"line":36,"column":4},"end":{"line":36,"column":30}},"29":{"start":{"line":37,"column":6},"end":{"line":37,"column":59}},"30":{"start":{"line":38,"column":6},"end":{"line":38,"column":61}},"31":{"start":{"line":39,"column":6},"end":{"line":39,"column":63}},"32":{"start":{"line":40,"column":6},"end":{"line":40,"column":13}},"33":{"start":{"line":43,"column":1},"end":{"line":54,"column":4}},"34":{"start":{"line":45,"column":2},"end":{"line":53,"column":5}},"35":{"start":{"line":49,"column":4},"end":{"line":49,"column":27}},"36":{"start":{"line":50,"column":4},"end":{"line":50,"column":27}},"37":{"start":{"line":51,"column":6},"end":{"line":51,"column":50}},"38":{"start":{"line":52,"column":6},"end":{"line":52,"column":13}},"39":{"start":{"line":55,"column":1},"end":{"line":66,"column":4}},"40":{"start":{"line":56,"column":2},"end":{"line":65,"column":5}},"41":{"start":{"line":60,"column":4},"end":{"line":60,"column":27}},"42":{"start":{"line":61,"column":6},"end":{"line":61,"column":43}},"43":{"start":{"line":62,"column":6},"end":{"line":62,"column":50}},"44":{"start":{"line":63,"column":6},"end":{"line":63,"column":42}},"45":{"start":{"line":64,"column":4},"end":{"line":64,"column":11}},"46":{"start":{"line":67,"column":1},"end":{"line":77,"column":4}},"47":{"start":{"line":68,"column":2},"end":{"line":76,"column":5}},"48":{"start":{"line":72,"column":4},"end":{"line":72,"column":27}},"49":{"start":{"line":73,"column":4},"end":{"line":73,"column":41}},"50":{"start":{"line":74,"column":6},"end":{"line":74,"column":42}},"51":{"start":{"line":75,"column":5},"end":{"line":75,"column":12}}},"branchMap":{}}}