{"/home/traning/Desktop/NewsWebProj/app.js":{"path":"/home/traning/Desktop/NewsWebProj/app.js","s":{"1":1,"2":1,"3":1,"4":1,"5":1,"6":1,"7":1,"8":1,"9":1,"10":1,"11":1,"12":1,"13":1,"14":1,"15":1,"16":1,"17":1,"18":1,"19":1,"20":0,"21":1},"b":{},"f":{"1":1,"2":1,"3":0},"fnMap":{"1":{"name":"(anonymous_1)","line":15,"loc":{"start":{"line":15,"column":17},"end":{"line":15,"column":27}}},"2":{"name":"(anonymous_2)","line":21,"loc":{"start":{"line":21,"column":36},"end":{"line":21,"column":46}}},"3":{"name":"(anonymous_3)","line":24,"loc":{"start":{"line":24,"column":32},"end":{"line":24,"column":42}}}},"statementMap":{"1":{"start":{"line":1,"column":0},"end":{"line":1,"column":33}},"2":{"start":{"line":2,"column":0},"end":{"line":2,"column":40}},"3":{"start":{"line":3,"column":0},"end":{"line":3,"column":31}},"4":{"start":{"line":4,"column":0},"end":{"line":4,"column":35}},"5":{"start":{"line":6,"column":0},"end":{"line":6,"column":45}},"6":{"start":{"line":7,"column":0},"end":{"line":7,"column":42}},"7":{"start":{"line":8,"column":0},"end":{"line":8,"column":16}},"8":{"start":{"line":11,"column":0},"end":{"line":11,"column":20}},"9":{"start":{"line":12,"column":0},"end":{"line":12,"column":22}},"10":{"start":{"line":13,"column":0},"end":{"line":13,"column":51}},"11":{"start":{"line":14,"column":0},"end":{"line":14,"column":27}},"12":{"start":{"line":15,"column":0},"end":{"line":17,"column":3}},"13":{"start":{"line":16,"column":1},"end":{"line":16,"column":39}},"14":{"start":{"line":18,"column":0},"end":{"line":18,"column":43}},"15":{"start":{"line":19,"column":0},"end":{"line":19,"column":29}},"16":{"start":{"line":20,"column":0},"end":{"line":20,"column":31}},"17":{"start":{"line":21,"column":0},"end":{"line":23,"column":2}},"18":{"start":{"line":22,"column":1},"end":{"line":22,"column":27}},"19":{"start":{"line":24,"column":0},"end":{"line":26,"column":2}},"20":{"start":{"line":25,"column":1},"end":{"line":25,"column":22}},"21":{"start":{"line":29,"column":0},"end":{"line":29,"column":21}}},"branchMap":{}},"/home/traning/Desktop/NewsWebProj/routes/article.js":{"path":"/home/traning/Desktop/NewsWebProj/routes/article.js","s":{"1":1,"2":1,"3":1,"4":1,"5":1,"6":1,"7":0,"8":0,"9":1,"10":1,"11":1,"12":1,"13":1,"14":1,"15":1,"16":1,"17":0,"18":1,"19":1,"20":1,"21":1,"22":1,"23":1,"24":1,"25":1,"26":0,"27":0,"28":1,"29":1,"30":1,"31":1,"32":1,"33":1,"34":0,"35":0,"36":1,"37":1,"38":1},"b":{"1":[0,1],"2":[0,1],"3":[0,1],"4":[0,1]},"f":{"1":1,"2":1,"3":1,"4":1,"5":1,"6":1,"7":1,"8":1},"fnMap":{"1":{"name":"(anonymous_1)","line":5,"loc":{"start":{"line":5,"column":16},"end":{"line":5,"column":40}}},"2":{"name":"(anonymous_2)","line":6,"loc":{"start":{"line":6,"column":14},"end":{"line":6,"column":32}}},"3":{"name":"(anonymous_3)","line":19,"loc":{"start":{"line":19,"column":17},"end":{"line":19,"column":42}}},"4":{"name":"(anonymous_4)","line":27,"loc":{"start":{"line":27,"column":8},"end":{"line":27,"column":26}}},"5":{"name":"(anonymous_5)","line":39,"loc":{"start":{"line":39,"column":15},"end":{"line":39,"column":37}}},"6":{"name":"(anonymous_6)","line":44,"loc":{"start":{"line":44,"column":50},"end":{"line":44,"column":68}}},"7":{"name":"(anonymous_7)","line":59,"loc":{"start":{"line":59,"column":18},"end":{"line":59,"column":40}}},"8":{"name":"(anonymous_8)","line":61,"loc":{"start":{"line":61,"column":33},"end":{"line":61,"column":51}}}},"statementMap":{"1":{"start":{"line":1,"column":0},"end":{"line":1,"column":33}},"2":{"start":{"line":2,"column":0},"end":{"line":2,"column":30}},"3":{"start":{"line":3,"column":0},"end":{"line":3,"column":43}},"4":{"start":{"line":5,"column":0},"end":{"line":16,"column":3}},"5":{"start":{"line":6,"column":1},"end":{"line":15,"column":4}},"6":{"start":{"line":7,"column":2},"end":{"line":14,"column":3}},"7":{"start":{"line":8,"column":3},"end":{"line":8,"column":20}},"8":{"start":{"line":9,"column":3},"end":{"line":9,"column":17}},"9":{"start":{"line":12,"column":4},"end":{"line":12,"column":22}},"10":{"start":{"line":13,"column":4},"end":{"line":13,"column":26}},"11":{"start":{"line":19,"column":0},"end":{"line":37,"column":3}},"12":{"start":{"line":20,"column":2},"end":{"line":20,"column":29}},"13":{"start":{"line":21,"column":2},"end":{"line":21,"column":31}},"14":{"start":{"line":22,"column":2},"end":{"line":22,"column":33}},"15":{"start":{"line":23,"column":6},"end":{"line":36,"column":6}},"16":{"start":{"line":28,"column":8},"end":{"line":35,"column":9}},"17":{"start":{"line":29,"column":10},"end":{"line":29,"column":27}},"18":{"start":{"line":33,"column":10},"end":{"line":33,"column":28}},"19":{"start":{"line":34,"column":10},"end":{"line":34,"column":32}},"20":{"start":{"line":39,"column":0},"end":{"line":57,"column":3}},"21":{"start":{"line":40,"column":2},"end":{"line":40,"column":23}},"22":{"start":{"line":41,"column":2},"end":{"line":41,"column":31}},"23":{"start":{"line":42,"column":2},"end":{"line":42,"column":33}},"24":{"start":{"line":43,"column":2},"end":{"line":56,"column":6}},"25":{"start":{"line":45,"column":6},"end":{"line":54,"column":7}},"26":{"start":{"line":47,"column":8},"end":{"line":47,"column":25}},"27":{"start":{"line":48,"column":8},"end":{"line":48,"column":22}},"28":{"start":{"line":52,"column":8},"end":{"line":52,"column":26}},"29":{"start":{"line":53,"column":8},"end":{"line":53,"column":30}},"30":{"start":{"line":59,"column":0},"end":{"line":74,"column":3}},"31":{"start":{"line":60,"column":2},"end":{"line":60,"column":29}},"32":{"start":{"line":61,"column":2},"end":{"line":73,"column":6}},"33":{"start":{"line":62,"column":6},"end":{"line":72,"column":7}},"34":{"start":{"line":64,"column":8},"end":{"line":64,"column":25}},"35":{"start":{"line":65,"column":8},"end":{"line":65,"column":22}},"36":{"start":{"line":69,"column":8},"end":{"line":69,"column":33}},"37":{"start":{"line":70,"column":8},"end":{"line":70,"column":30}},"38":{"start":{"line":76,"column":0},"end":{"line":76,"column":24}}},"branchMap":{"1":{"line":7,"type":"if","locations":[{"start":{"line":7,"column":2},"end":{"line":7,"column":2}},{"start":{"line":7,"column":2},"end":{"line":7,"column":2}}]},"2":{"line":28,"type":"if","locations":[{"start":{"line":28,"column":8},"end":{"line":28,"column":8}},{"start":{"line":28,"column":8},"end":{"line":28,"column":8}}]},"3":{"line":45,"type":"if","locations":[{"start":{"line":45,"column":6},"end":{"line":45,"column":6}},{"start":{"line":45,"column":6},"end":{"line":45,"column":6}}]},"4":{"line":62,"type":"if","locations":[{"start":{"line":62,"column":6},"end":{"line":62,"column":6}},{"start":{"line":62,"column":6},"end":{"line":62,"column":6}}]}}},"/home/traning/Desktop/NewsWebProj/model/schema.js":{"path":"/home/traning/Desktop/NewsWebProj/model/schema.js","s":{"1":1,"2":1,"3":1,"4":1},"b":{},"f":{},"fnMap":{},"statementMap":{"1":{"start":{"line":1,"column":0},"end":{"line":1,"column":35}},"2":{"start":{"line":2,"column":0},"end":{"line":2,"column":29}},"3":{"start":{"line":12,"column":0},"end":{"line":17,"column":49}},"4":{"start":{"line":19,"column":0},"end":{"line":19,"column":63}}},"branchMap":{}},"/home/traning/Desktop/NewsWebProj/config/DBConfig.js":{"path":"/home/traning/Desktop/NewsWebProj/config/DBConfig.js","s":{"1":1,"2":1,"3":1},"b":{},"f":{},"fnMap":{},"statementMap":{"1":{"start":{"line":1,"column":0},"end":{"line":1,"column":42}},"2":{"start":{"line":3,"column":0},"end":{"line":3,"column":28}},"3":{"start":{"line":4,"column":0},"end":{"line":4,"column":26}}},"branchMap":{}}}