TN:
SF:/home/traning/Desktop/NewsWebProj/app.js
FN:15,(anonymous_1)
FN:21,(anonymous_2)
FN:24,(anonymous_3)
FNF:3
FNH:2
FNDA:1,(anonymous_1)
FNDA:1,(anonymous_2)
FNDA:0,(anonymous_3)
DA:1,1
DA:2,1
DA:3,1
DA:4,1
DA:6,1
DA:7,1
DA:8,1
DA:11,1
DA:12,1
DA:13,1
DA:14,1
DA:15,1
DA:16,1
DA:18,1
DA:19,1
DA:20,1
DA:21,1
DA:22,1
DA:24,1
DA:25,0
DA:29,1
LF:21
LH:20
BRF:0
BRH:0
end_of_record
TN:
SF:/home/traning/Desktop/NewsWebProj/routes/article.js
FN:5,(anonymous_1)
FN:6,(anonymous_2)
FN:19,(anonymous_3)
FN:27,(anonymous_4)
FN:39,(anonymous_5)
FN:44,(anonymous_6)
FN:59,(anonymous_7)
FN:61,(anonymous_8)
FNF:8
FNH:8
FNDA:1,(anonymous_1)
FNDA:1,(anonymous_2)
FNDA:1,(anonymous_3)
FNDA:1,(anonymous_4)
FNDA:1,(anonymous_5)
FNDA:1,(anonymous_6)
FNDA:1,(anonymous_7)
FNDA:1,(anonymous_8)
DA:1,1
DA:2,1
DA:3,1
DA:5,1
DA:6,1
DA:7,1
DA:8,0
DA:9,0
DA:12,1
DA:13,1
DA:19,1
DA:20,1
DA:21,1
DA:22,1
DA:23,1
DA:28,1
DA:29,0
DA:33,1
DA:34,1
DA:39,1
DA:40,1
DA:41,1
DA:42,1
DA:43,1
DA:45,1
DA:47,0
DA:48,0
DA:52,1
DA:53,1
DA:59,1
DA:60,1
DA:61,1
DA:62,1
DA:64,0
DA:65,0
DA:69,1
DA:70,1
DA:76,1
LF:38
LH:31
BRDA:7,1,0,0
BRDA:7,1,1,1
BRDA:28,2,0,0
BRDA:28,2,1,1
BRDA:45,3,0,0
BRDA:45,3,1,1
BRDA:62,4,0,0
BRDA:62,4,1,1
BRF:8
BRH:4
end_of_record
TN:
SF:/home/traning/Desktop/NewsWebProj/model/schema.js
FNF:0
FNH:0
DA:1,1
DA:2,1
DA:12,1
DA:19,1
LF:4
LH:4
BRF:0
BRH:0
end_of_record
TN:
SF:/home/traning/Desktop/NewsWebProj/config/DBConfig.js
FNF:0
FNH:0
DA:1,1
DA:3,1
DA:4,1
LF:3
LH:3
BRF:0
BRH:0
end_of_record
